2022-10-19 13:51:20,688 - Pomobot suport raised pomostop
2022-10-19 13:51:43,895 - Pomobot suport raised pomodoro
2022-10-19 13:51:51,034 - Pomobot suport raised pomojoin
2022-10-19 13:51:51,376 - Guild Pomobot suport user drakegawain joined session
2022-10-19 13:54:57,827 - Pomobot suport raised pomostop
2022-10-19 13:54:58,228 - Pomobot suport stopped
2022-10-24 18:19:05,788 - Pomobot suport raised pomodoro
2022-10-24 19:18:16,436 - Pomobot suport raised pomodoro
2022-10-24 19:20:29,558 - Pomobot suport raised pomodoro
2022-10-24 19:22:11,483 - Pomobot suport raised pomodoro
2022-10-24 19:25:31,752 - Idk raised pomohelp
2022-10-24 19:25:34,256 - Pomobot suport raised pomodoro
2022-10-24 19:25:39,864 - Idk raised pomojoin
2022-10-24 19:25:57,086 - Idk raised pomojoin
2022-10-24 19:26:09,146 - Idk raised pomohelp
2022-10-24 19:26:21,380 - Idk raised pomohelp
2022-10-24 19:27:02,965 - Idk raised pomodoro
2022-10-24 19:28:03,854 - Idk raised pomojoin
2022-10-24 19:28:41,727 - Idk raised pomostop
2022-10-24 19:31:16,214 - Idk raised pomodoro
2022-10-24 19:31:16,373 - Idk raised pomodoro
2022-10-24 19:31:31,500 - Idk raised pomojoin
2022-10-24 19:31:32,368 - Idk raised pomojoin
2022-10-24 19:32:02,235 - Idk raised pomostop
2022-10-24 19:32:20,333 - Idk raised pomodoro
2022-10-24 19:32:26,365 - Idk raised pomohelp
2022-10-24 19:32:27,364 - Idk raised pomojoin
2022-10-24 19:32:27,364 - Guild Idk user rinn joined session
2022-10-24 19:32:33,645 - Idk raised pomojoin
2022-10-24 19:32:33,646 - Guild Idk user mina joined session
2022-10-24 19:32:57,239 - Idk raised pomojoin
2022-10-24 19:32:57,239 - Guild Idk user Sarah Ackerman joined session
2022-10-24 19:33:01,038 - Idk raised pomodoro
2022-10-24 19:33:18,428 - Idk raised pomojoin
2022-10-24 19:33:18,429 - Guild Idk user mina joined session
2022-10-24 19:33:47,082 - Idk raised pomodoro
2022-10-24 19:33:55,101 - Idk raised pomojoin
2022-10-24 19:33:55,101 - Guild Idk user mina joined session
2022-10-24 19:34:34,351 - Idk raised pomohelp
2022-10-24 19:34:39,625 - Idk raised pomojoin
2022-10-24 19:34:39,625 - Guild Idk user rinn joined session
2022-10-24 19:34:44,514 - Idk raised pomojoin
2022-10-24 19:34:44,514 - Guild Idk user mina joined session
2022-10-24 19:34:54,007 - Bug on Idk
2022-10-24 19:35:30,923 - Idk raised pomodoro
2022-10-24 19:35:54,292 - Idk raised pomodoro
2022-10-24 19:36:17,899 - Idk raised pomojoin
2022-10-24 19:36:17,900 - Guild Idk user mina joined session
2022-10-24 19:36:45,324 - Idk raised pomodoro
2022-10-24 19:44:18,035 - Pomobot suport raised pomostop
