2022-10-18 18:02:57,327 - this is a test
2022-10-18 18:55:30,975 - 
>>> <@691792200513880124> 
Unfourtunally PomoBot could'nt call ``/pomojoin`` **because**: *301 No session running => /pomohelp to + information*
2022-10-18 19:01:54,461 - 301:/pomojoin
2022-10-18 19:04:46,064 - 121  :  /pomostop
2022-10-18 19:05:23,554 - 301  :  /pomojoin
2022-10-18 19:05:23,554 - 301  :  /pomojoin
2022-10-18 19:06:30,274 - 301  :  /pomojoin
2022-10-18 19:06:30,274 - 301  :  /pomojoin
2022-10-18 19:06:30,274 - 301  :  /pomojoin
2022-10-18 19:06:45,291 - 301  :  /pomojoin
2022-10-18 19:06:45,291 - 301  :  /pomojoin
2022-10-18 19:06:45,291 - 301  :  /pomojoin
2022-10-18 19:06:45,291 - 301  :  /pomojoin
2022-10-18 19:07:04,322 - 121  :  /pomostop
2022-10-18 19:07:04,322 - 121  :  /pomostop
2022-10-18 19:07:04,322 - 121  :  /pomostop
2022-10-18 19:07:04,322 - 121  :  /pomostop
2022-10-18 19:07:04,322 - 121  :  /pomostop
2022-10-18 19:07:19,751 - 121  :  /pomostop
2022-10-18 19:07:19,751 - 121  :  /pomostop
2022-10-18 19:07:19,751 - 121  :  /pomostop
2022-10-18 19:07:19,751 - 121  :  /pomostop
2022-10-18 19:07:19,751 - 121  :  /pomostop
2022-10-18 19:07:19,751 - 121  :  /pomostop
2022-10-18 19:07:25,184 - 121  :  /pomostop
2022-10-18 19:07:25,184 - 121  :  /pomostop
2022-10-18 19:07:25,184 - 121  :  /pomostop
2022-10-18 19:07:25,184 - 121  :  /pomostop
2022-10-18 19:07:25,184 - 121  :  /pomostop
2022-10-18 19:07:25,184 - 121  :  /pomostop
2022-10-18 19:07:25,184 - 121  :  /pomostop
